[2021-05-01T16:10:46.297] [DEBUG] cheese - login => username:张三,password:1212312
[2021-05-04T11:11:36.439] [DEBUG] cheese - login => username:1232131231,password:123
[2021-05-04T11:11:36.441] [DEBUG] cheese - 1232131231
[2021-05-04T11:11:36.451] [DEBUG] cheese - null
[2021-05-04T11:11:36.452] [DEBUG] cheese - null
[2021-05-04T11:12:10.305] [DEBUG] cheese - login => username:12313,password:2rwer
[2021-05-04T11:12:10.305] [DEBUG] cheese - 12313
[2021-05-04T11:12:10.308] [DEBUG] cheese - null
[2021-05-04T11:12:10.308] [DEBUG] cheese - null
[2021-05-04T11:12:43.385] [DEBUG] cheese - login => username:气温气温,password:1212
[2021-05-04T11:12:43.385] [DEBUG] cheese - 气温气温
[2021-05-04T11:12:43.387] [DEBUG] cheese - null
[2021-05-04T11:12:43.387] [DEBUG] cheese - null
[2021-05-04T11:13:05.670] [DEBUG] cheese - login => username:企鹅全文1212,password:1212
[2021-05-04T11:13:05.670] [DEBUG] cheese - 企鹅全文1212
[2021-05-04T11:13:05.672] [DEBUG] cheese - null
[2021-05-04T11:13:05.672] [DEBUG] cheese - null
[2021-05-04T11:14:18.953] [DEBUG] cheese - login => username:123112311,password:1231
[2021-05-04T11:14:18.953] [DEBUG] cheese - 123112311
[2021-05-04T11:14:18.955] [DEBUG] cheese - null
[2021-05-04T11:14:18.955] [DEBUG] cheese - null
[2021-05-04T11:14:20.914] [DEBUG] cheese - login => username:123112311,password:1231
[2021-05-04T11:14:20.914] [DEBUG] cheese - 123112311
[2021-05-04T11:14:20.916] [DEBUG] cheese - null
[2021-05-04T11:14:20.916] [DEBUG] cheese - null
[2021-05-04T11:14:26.888] [DEBUG] cheese - login => username:123112311,password:1231
[2021-05-04T11:14:26.888] [DEBUG] cheese - 123112311
[2021-05-04T11:14:26.890] [DEBUG] cheese - null
[2021-05-04T11:14:26.890] [DEBUG] cheese - null
[2021-05-04T11:14:46.868] [DEBUG] cheese - login => username:气温气温12,password:1212
[2021-05-04T11:14:46.869] [DEBUG] cheese - 气温气温12
[2021-05-04T11:14:46.870] [DEBUG] cheese - null
[2021-05-04T11:14:46.871] [DEBUG] cheese - null
[2021-05-04T11:15:09.345] [DEBUG] cheese - login => username:气温气温12,password:1212
[2021-05-04T11:15:09.345] [DEBUG] cheese - 气温气温12
[2021-05-04T11:15:09.348] [DEBUG] cheese - null
[2021-05-04T11:15:09.348] [DEBUG] cheese - null
[2021-05-04T11:16:06.016] [DEBUG] cheese - login => username:admin,password:123456
[2021-05-04T11:16:06.016] [DEBUG] cheese - admin
[2021-05-04T11:16:06.021] [DEBUG] cheese - null
[2021-05-04T11:16:06.021] [DEBUG] cheese - null
[2021-05-04T11:31:30.702] [DEBUG] cheese - login => username:气温气温12,password:1212
[2021-05-04T11:31:30.702] [DEBUG] cheese - 气温气温12
[2021-05-04T11:31:30.704] [DEBUG] cheese - null
[2021-05-04T11:31:30.704] [DEBUG] cheese - null
[2021-05-04T11:31:40.491] [DEBUG] cheese - login => username:气温气温12,password:1212
[2021-05-04T11:31:40.491] [DEBUG] cheese - 气温气温12
[2021-05-04T11:31:40.493] [DEBUG] cheese - null
[2021-05-04T11:31:40.493] [DEBUG] cheese - null
[2021-05-04T11:32:08.545] [DEBUG] cheese - login => username:气温气温12,password:1212
[2021-05-04T11:32:08.546] [DEBUG] cheese - 气温气温12
[2021-05-04T11:32:08.547] [DEBUG] cheese - null
[2021-05-04T11:32:08.547] [DEBUG] cheese - null
[2021-05-04T13:06:28.072] [DEBUG] cheese - login => username:admin,password:123456
[2021-05-04T13:06:28.072] [DEBUG] cheese - admin
[2021-05-04T13:06:28.075] [DEBUG] cheese - null
[2021-05-04T13:06:28.075] [DEBUG] cheese - null
[2021-05-04T13:08:59.041] [DEBUG] cheese - login => username:admin,password:123456
[2021-05-04T13:08:59.041] [DEBUG] cheese - admin
[2021-05-04T13:08:59.043] [DEBUG] cheese - null
[2021-05-04T13:08:59.043] [DEBUG] cheese - null
[2021-05-04T20:19:42.588] [DEBUG] cheese - login => username:admin,password:123456
[2021-05-04T20:19:42.591] [DEBUG] cheese - admin
[2021-05-04T20:19:42.624] [DEBUG] cheese - null
[2021-05-04T20:19:42.625] [DEBUG] cheese - null
[2021-05-04T20:20:04.636] [DEBUG] cheese - login => username:admin,password:123456
[2021-05-04T20:20:04.636] [DEBUG] cheese - admin
[2021-05-04T20:20:04.641] [DEBUG] cheese - null
[2021-05-04T20:20:04.641] [DEBUG] cheese - null
[2021-05-04T20:21:14.609] [DEBUG] cheese - login => username:admin,password:123456
[2021-05-04T20:21:14.609] [DEBUG] cheese - admin
[2021-05-04T20:21:14.612] [DEBUG] cheese - null
[2021-05-04T20:21:14.613] [DEBUG] cheese - null
[2021-05-04T20:24:11.485] [DEBUG] cheese - login => username:admin,password:123456
[2021-05-04T20:24:11.486] [DEBUG] cheese - admin
[2021-05-04T20:24:11.490] [DEBUG] cheese - null
[2021-05-04T20:24:11.491] [DEBUG] cheese - null
[2021-05-04T20:24:14.695] [DEBUG] cheese - login => username:气温气温12,password:1212
[2021-05-04T20:24:14.695] [DEBUG] cheese - 气温气温12
[2021-05-04T20:24:14.698] [DEBUG] cheese - null
[2021-05-04T20:24:14.698] [DEBUG] cheese - null
